<?xml version="1.0" encoding="UTF-8"?>
<!-- Generated by org.testng.reporters.JUnitReportReporter -->
<testsuite hostname="KUSHAL" failures="0" tests="3" name="testNG.AnnotaionsOne" time="0.008" errors="0" timestamp="2021-02-26T07:16:24 EST" skipped="0">
  <testcase classname="testNG.AnnotaionsOne" name="a" time="0.002"/>
  <system-out/>
  <testcase classname="testNG.AnnotaionsOne" name="f" time="0.004"/>
  <system-out/>
  <testcase classname="testNG.AnnotaionsOne" name="p" time="0.002"/>
  <system-out/>
</testsuite> <!-- testNG.AnnotaionsOne -->
