<?xml version="1.0" encoding="UTF-8"?>
<!-- Generated by org.testng.reporters.JUnitReportReporter -->
<testsuite hostname="KUSHAL" failures="0" tests="1" name="testNG.FB" time="23.549" errors="0" timestamp="2021-02-26T07:16:24 EST" skipped="0">
  <testcase classname="testNG.FB" name="f" time="23.549"/>
  <system-out/>
</testsuite> <!-- testNG.FB -->
