<?xml version="1.0" encoding="UTF-8"?>
<!-- Generated by org.testng.reporters.JUnitReportReporter -->
<testsuite hostname="KUSHAL" failures="0" tests="3" name="testNG.FB_CrossBrowserTesting" time="15.263" errors="0" timestamp="2021-02-26T07:36:15 EST" skipped="0">
  <testcase classname="testNG.FB_CrossBrowserTesting" name="login" time="2.562"/>
  <system-out/>
  <testcase classname="testNG.FB_CrossBrowserTesting" name="login" time="4.564"/>
  <system-out/>
  <testcase classname="testNG.FB_CrossBrowserTesting" name="login" time="8.137"/>
  <system-out/>
</testsuite> <!-- testNG.FB_CrossBrowserTesting -->
