<?xml version="1.0" encoding="UTF-8"?>
<!-- Generated by org.testng.reporters.JUnitReportReporter -->
<testsuite hostname="KUSHAL" failures="0" tests="3" name="testNG.AnnotationsTwo" time="0.017" errors="0" timestamp="2021-02-26T07:16:23 EST" skipped="0">
  <testcase classname="testNG.AnnotationsTwo" name="f" time="0.003"/>
  <system-out/>
  <testcase classname="testNG.AnnotationsTwo" name="r" time="0.006"/>
  <system-out/>
  <testcase classname="testNG.AnnotationsTwo" name="u" time="0.008"/>
  <system-out/>
</testsuite> <!-- testNG.AnnotationsTwo -->
