<?xml version="1.0" encoding="UTF-8"?>
<!-- Generated by org.testng.reporters.JUnitReportReporter -->
<testsuite hostname="KUSHAL" failures="0" tests="3" name="testNG.FB_Retesting" time="28.542" errors="0" timestamp="2021-02-26T07:16:24 EST" skipped="0">
  <testcase classname="testNG.FB_Retesting" name="retest" time="9.686"/>
  <system-out/>
  <testcase classname="testNG.FB_Retesting" name="retest" time="9.388"/>
  <system-out/>
  <testcase classname="testNG.FB_Retesting" name="retest" time="9.468"/>
  <system-out/>
</testsuite> <!-- testNG.FB_Retesting -->
